"C:/Users/tmota/Documents/Unreal Projects/SpaceWar/Content/Audio/A_Explosion.uasset" 0
"C:/Users/tmota/Documents/Unreal Projects/SpaceWar/Content/Audio/A_Explosion.uexp" 1
"C:/Users/tmota/Documents/Unreal Projects/SpaceWar/Content/Audio/A_Fire4.uasset" 2
"C:/Users/tmota/Documents/Unreal Projects/SpaceWar/Content/Audio/A_Fire4.uexp" 3
"../../../Engine/Content/EngineMaterials/T_Default_Material_Grid_N.uasset" 4
"../../../Engine/Content/EngineMaterials/T_Default_Material_Grid_N.uexp" 5
"../../../Engine/Content/EngineMaterials/T_Default_Material_Grid_N.ubulk" 6
"../../../Engine/Content/EngineMaterials/T_Default_Material_Grid_M.uasset" 7
"../../../Engine/Content/EngineMaterials/T_Default_Material_Grid_M.uexp" 8
"../../../Engine/Content/EngineMaterials/T_Default_Material_Grid_M.ubulk" 9
"../../../Engine/Content/Functions/Engine_MaterialFunctions01/Opacity/CameraDepthFade.uasset" 10
"../../../Engine/Content/Functions/Engine_MaterialFunctions01/Opacity/CameraDepthFade.uexp" 11
"../../../Engine/Content/EngineMaterials/DefaultMaterial.uasset" 12
"../../../Engine/Content/EngineMaterials/DefaultMaterial.uexp" 13
"../../../Engine/Content/BasicShapes/Sphere.uasset" 14
"../../../Engine/Content/BasicShapes/Sphere.uexp" 15
"C:/Users/tmota/Documents/Unreal Projects/SpaceWar/Content/Materials/M_BaseMaterial.uasset" 16
"C:/Users/tmota/Documents/Unreal Projects/SpaceWar/Content/Materials/M_BaseMaterial.uexp" 17
"C:/Users/tmota/Documents/Unreal Projects/SpaceWar/Content/Materials/MI_BlueMaterial.uasset" 18
"C:/Users/tmota/Documents/Unreal Projects/SpaceWar/Content/Materials/MI_BlueMaterial.uexp" 19
"../../../Engine/Content/EngineMaterials/WorldGridMaterial.uasset" 20
"../../../Engine/Content/EngineMaterials/WorldGridMaterial.uexp" 21
"C:/Users/tmota/Documents/Unreal Projects/SpaceWar/Content/TwinStick/Meshes/Spaceship.uasset" 22
"C:/Users/tmota/Documents/Unreal Projects/SpaceWar/Content/TwinStick/Meshes/Spaceship.uexp" 23
"../../../Engine/Plugins/FX/Niagara/Content/Modules/Update/Size/ScaleMeshSize.uasset" 24
"../../../Engine/Plugins/FX/Niagara/Content/Modules/Update/Size/ScaleMeshSize.uexp" 25
"../../../Engine/Plugins/FX/Niagara/Content/Enums/ENiagaraRandomnessMode.uasset" 26
"../../../Engine/Plugins/FX/Niagara/Content/Enums/ENiagaraRandomnessMode.uexp" 27
"../../../Engine/Plugins/FX/Niagara/Content/Enums/ENiagaraRandomnessEvaluation.uasset" 28
"../../../Engine/Plugins/FX/Niagara/Content/Enums/ENiagaraRandomnessEvaluation.uexp" 29
"../../../Engine/Plugins/FX/Niagara/Content/Functions/V2/CalculateRandomRangeFloat.uasset" 30
"../../../Engine/Plugins/FX/Niagara/Content/Functions/V2/CalculateRandomRangeFloat.uexp" 31
"../../../Engine/Plugins/FX/Niagara/Content/Modules/Emitter/SpawnBurst_Instantaneous.uasset" 32
"../../../Engine/Plugins/FX/Niagara/Content/Modules/Emitter/SpawnBurst_Instantaneous.uexp" 33
"../../../Engine/Plugins/FX/Niagara/Content/DynamicInputs/TypeConversions/VectorFromFloat.uasset" 34
"../../../Engine/Plugins/FX/Niagara/Content/DynamicInputs/TypeConversions/VectorFromFloat.uexp" 35
"../../../Engine/Plugins/FX/Niagara/Content/Functions/System/SystemChangeState.uasset" 36
"../../../Engine/Plugins/FX/Niagara/Content/Functions/System/SystemChangeState.uexp" 37
"../../../Engine/Plugins/FX/Niagara/Content/Enums/ENiagaraSystemInactiveMode.uasset" 38
"../../../Engine/Plugins/FX/Niagara/Content/Enums/ENiagaraSystemInactiveMode.uexp" 39
"../../../Engine/Plugins/FX/Niagara/Content/Enums/ENiagara_EmitterStateOptions.uasset" 40
"../../../Engine/Plugins/FX/Niagara/Content/Enums/ENiagara_EmitterStateOptions.uexp" 41
"../../../Engine/Plugins/FX/Niagara/Content/Modules/System/SystemState.uasset" 42
"../../../Engine/Plugins/FX/Niagara/Content/Modules/System/SystemState.uexp" 43
"../../../Engine/Plugins/FX/Niagara/Content/Enums/Ribbons/ENiagara_UnsetDirectSetRandom.uasset" 44
"../../../Engine/Plugins/FX/Niagara/Content/Enums/Ribbons/ENiagara_UnsetDirectSetRandom.uexp" 45
"../../../Engine/Plugins/FX/Niagara/Content/Enums/ENiagaraScaleColorMode.uasset" 46
"../../../Engine/Plugins/FX/Niagara/Content/Enums/ENiagaraScaleColorMode.uexp" 47
"../../../Engine/Plugins/FX/Niagara/Content/Enums/ENiagaraInactiveMode.uasset" 48
"../../../Engine/Plugins/FX/Niagara/Content/Enums/ENiagaraInactiveMode.uexp" 49
"../../../Engine/Plugins/FX/Niagara/Content/Enums/ENiagaraEmitterScalabilityMode_Limited.uasset" 50
"../../../Engine/Plugins/FX/Niagara/Content/Enums/ENiagaraEmitterScalabilityMode_Limited.uexp" 51
"../../../Engine/Plugins/FX/Niagara/Content/Enums/ENiagaraEmitterLifeCycleMode.uasset" 52
"../../../Engine/Plugins/FX/Niagara/Content/Enums/ENiagaraEmitterLifeCycleMode.uexp" 53
"../../../Engine/Plugins/FX/Niagara/Content/Enums/ENiagaraChannelCorrelation.uasset" 54
"../../../Engine/Plugins/FX/Niagara/Content/Enums/ENiagaraChannelCorrelation.uexp" 55
"../../../Engine/Plugins/FX/Niagara/Content/Enums/ENiagara_UVFlippingMode.uasset" 56
"../../../Engine/Plugins/FX/Niagara/Content/Enums/ENiagara_UVFlippingMode.uexp" 57
"../../../Engine/Plugins/FX/Niagara/Content/Enums/ENiagara_SpriteRotationMode.uasset" 58
"../../../Engine/Plugins/FX/Niagara/Content/Enums/ENiagara_SpriteRotationMode.uexp" 59
"../../../Engine/Plugins/FX/Niagara/Content/Enums/ENiagara_SizeScaleMode.uasset" 60
"../../../Engine/Plugins/FX/Niagara/Content/Enums/ENiagara_SizeScaleMode.uexp" 61
"../../../Engine/Plugins/FX/Niagara/Content/Enums/ENiagara_PositionInitializationMode.uasset" 62
"../../../Engine/Plugins/FX/Niagara/Content/Enums/ENiagara_PositionInitializationMode.uexp" 63
"../../../Engine/Plugins/FX/Niagara/Content/Enums/ENiagara_MassInitializationMode.uasset" 64
"../../../Engine/Plugins/FX/Niagara/Content/Enums/ENiagara_MassInitializationMode.uexp" 65
"../../../Engine/Plugins/FX/Niagara/Content/Enums/ENiagara_LifetimeMode.uasset" 66
"../../../Engine/Plugins/FX/Niagara/Content/Enums/ENiagara_LifetimeMode.uexp" 67
"../../../Engine/Plugins/FX/Niagara/Content/Enums/ENiagara_InfiniteLoopDuration.uasset" 68
"../../../Engine/Plugins/FX/Niagara/Content/Enums/ENiagara_InfiniteLoopDuration.uexp" 69
"../../../Engine/Plugins/FX/Niagara/Content/Enums/ENiagara_ColorInitializationMode.uasset" 70
"../../../Engine/Plugins/FX/Niagara/Content/Enums/ENiagara_ColorInitializationMode.uexp" 71
"../../../Engine/Plugins/FX/Niagara/Content/Modules/Update/Lifetime/ParticleState.uasset" 72
"../../../Engine/Plugins/FX/Niagara/Content/Modules/Update/Lifetime/ParticleState.uexp" 73
"../../../Engine/Plugins/FX/Niagara/Content/Modules/Update/Color/ScaleColor.uasset" 74
"../../../Engine/Plugins/FX/Niagara/Content/Modules/Update/Color/ScaleColor.uexp" 75
"../../../Engine/Plugins/FX/Niagara/Content/Functions/PolarToCartesianCoordinates.uasset" 76
"../../../Engine/Plugins/FX/Niagara/Content/Functions/PolarToCartesianCoordinates.uexp" 77
"../../../Engine/Plugins/FX/Niagara/Content/Functions/GetRandomInfo.uasset" 78
"../../../Engine/Plugins/FX/Niagara/Content/Functions/GetRandomInfo.uexp" 79
"../../../Engine/Plugins/FX/Niagara/Content/Functions/RandomRangeFloat.uasset" 80
"../../../Engine/Plugins/FX/Niagara/Content/Functions/RandomRangeFloat.uexp" 81
"../../../Engine/Plugins/FX/Niagara/Content/Functions/DirectionAndLengthSafe.uasset" 82
"../../../Engine/Plugins/FX/Niagara/Content/Functions/DirectionAndLengthSafe.uexp" 83
"../../../Engine/Plugins/FX/Niagara/Content/Functions/RandomVectorInCone.uasset" 84
"../../../Engine/Plugins/FX/Niagara/Content/Functions/RandomVectorInCone.uexp" 85
"../../../Engine/Plugins/FX/Niagara/Content/Functions/Math/RemapValueRange.uasset" 86
"../../../Engine/Plugins/FX/Niagara/Content/Functions/Math/RemapValueRange.uexp" 87
"../../../Engine/Plugins/FX/Niagara/Content/Functions/Rotation/MultiplyVectorWithQuaternion.uasset" 88
"../../../Engine/Plugins/FX/Niagara/Content/Functions/Rotation/MultiplyVectorWithQuaternion.uexp" 89
"../../../Engine/Plugins/FX/Niagara/Content/Functions/Rotation/FindQuatBetween.uasset" 90
"../../../Engine/Plugins/FX/Niagara/Content/Functions/Rotation/FindQuatBetween.uexp" 91
"../../../Engine/Plugins/FX/Niagara/Content/Functions/Localspace/TransformBase.uasset" 92
"../../../Engine/Plugins/FX/Niagara/Content/Functions/Localspace/TransformBase.uexp" 93
"../../../Engine/Plugins/FX/Niagara/Content/Functions/Localspace/TransformVector.uasset" 94
"../../../Engine/Plugins/FX/Niagara/Content/Functions/Localspace/TransformVector.uexp" 95
"../../../Engine/Plugins/FX/Niagara/Content/Modules/Spawn/Velocity/AddVelocityInCone.uasset" 96
"../../../Engine/Plugins/FX/Niagara/Content/Modules/Spawn/Velocity/AddVelocityInCone.uexp" 97
"../../../Engine/Plugins/FX/Niagara/Content/Functions/V2/CalculateRandomRangeInteger.uasset" 98
"../../../Engine/Plugins/FX/Niagara/Content/Functions/V2/CalculateRandomRangeInteger.uexp" 99
"../../../Engine/Plugins/FX/Niagara/Content/Functions/V2/CalculateRandomBool.uasset" 100
"../../../Engine/Plugins/FX/Niagara/Content/Functions/V2/CalculateRandomBool.uexp" 101
"../../../Engine/Plugins/FX/Niagara/Content/Functions/Localspace/SimulationPosition.uasset" 102
"../../../Engine/Plugins/FX/Niagara/Content/Functions/Localspace/SimulationPosition.uexp" 103
"../../../Engine/Plugins/FX/Niagara/Content/Functions/V2/CalculateRandomRange.uasset" 104
"../../../Engine/Plugins/FX/Niagara/Content/Functions/V2/CalculateRandomRange.uexp" 105
"../../../Engine/Plugins/FX/Niagara/Content/Functions/LinearColor/HueShiftLinearColor.uasset" 106
"../../../Engine/Plugins/FX/Niagara/Content/Functions/LinearColor/HueShiftLinearColor.uexp" 107
"../../../Engine/Plugins/FX/Niagara/Content/Modules/Spawn/Initialization/V2/InitializeParticle.uasset" 108
"../../../Engine/Plugins/FX/Niagara/Content/Modules/Spawn/Initialization/V2/InitializeParticle.uexp" 109
"../../../Engine/Plugins/FX/Niagara/Content/Modules/Solvers/SolveForcesAndVelocity.uasset" 110
"../../../Engine/Plugins/FX/Niagara/Content/Modules/Solvers/SolveForcesAndVelocity.uexp" 111
"../../../Engine/Plugins/FX/Niagara/Content/Functions/Emitter/EmitterChangeState.uasset" 112
"../../../Engine/Plugins/FX/Niagara/Content/Functions/Emitter/EmitterChangeState.uexp" 113
"../../../Engine/Plugins/FX/Niagara/Content/Enums/ENiagaraExecutionStateManagement.uasset" 114
"../../../Engine/Plugins/FX/Niagara/Content/Enums/ENiagaraExecutionStateManagement.uexp" 115
"../../../Engine/Plugins/FX/Niagara/Content/Modules/Emitter/EmitterState.uasset" 116
"../../../Engine/Plugins/FX/Niagara/Content/Modules/Emitter/EmitterState.uexp" 117
"../../../Engine/Plugins/FX/Niagara/Content/DynamicInputs/ValueFromCurve/FloatFromCurve.uasset" 118
"../../../Engine/Plugins/FX/Niagara/Content/DynamicInputs/ValueFromCurve/FloatFromCurve.uexp" 119
"../../../Engine/Plugins/FX/Niagara/Content/DynamicInputs/UniformRange/V2/RandomRangeFloat.uasset" 120
"../../../Engine/Plugins/FX/Niagara/Content/DynamicInputs/UniformRange/V2/RandomRangeFloat.uexp" 121
"C:/Users/tmota/Documents/Unreal Projects/SpaceWar/Content/Materials/MI_GreenMaterial.uasset" 122
"C:/Users/tmota/Documents/Unreal Projects/SpaceWar/Content/Materials/MI_GreenMaterial.uexp" 123
"C:/Users/tmota/Documents/Unreal Projects/SpaceWar/Content/Geometry/Meshes/CubeMaterial.uasset" 124
"C:/Users/tmota/Documents/Unreal Projects/SpaceWar/Content/Geometry/Meshes/CubeMaterial.uexp" 125
"C:/Users/tmota/Documents/Unreal Projects/SpaceWar/Content/Geometry/Meshes/1M_Cube.uasset" 126
"C:/Users/tmota/Documents/Unreal Projects/SpaceWar/Content/Geometry/Meshes/1M_Cube.uexp" 127
"C:/Users/tmota/Documents/Unreal Projects/SpaceWar/Content/Spaceship/VFX/FX_Death_System.uasset" 128
"C:/Users/tmota/Documents/Unreal Projects/SpaceWar/Content/Spaceship/VFX/FX_Death_System.uexp" 129
"../../../Engine/Plugins/FX/Niagara/Content/Enums/ENiagaraSphereDistributionMode.uasset" 130
"../../../Engine/Plugins/FX/Niagara/Content/Enums/ENiagaraSphereDistributionMode.uexp" 131
"../../../Engine/Plugins/FX/Niagara/Content/Enums/ENiagaraExpansionMode.uasset" 132
"../../../Engine/Plugins/FX/Niagara/Content/Enums/ENiagaraExpansionMode.uexp" 133
"../../../Engine/Plugins/FX/Niagara/Content/Modules/Update/Forces/Drag.uasset" 134
"../../../Engine/Plugins/FX/Niagara/Content/Modules/Update/Forces/Drag.uexp" 135
"../../../Engine/Plugins/FX/Niagara/Content/Functions/V2/CalculateRandomPointInSphere.uasset" 136
"../../../Engine/Plugins/FX/Niagara/Content/Functions/V2/CalculateRandomPointInSphere.uexp" 137
"../../../Engine/Plugins/FX/Niagara/Content/Functions/SphericalToCartesianCoordinates.uasset" 138
"../../../Engine/Plugins/FX/Niagara/Content/Functions/SphericalToCartesianCoordinates.uexp" 139
"../../../Engine/Plugins/FX/Niagara/Content/Modules/Spawn/Location/V2/SphereLocation.uasset" 140
"../../../Engine/Plugins/FX/Niagara/Content/Modules/Spawn/Location/V2/SphereLocation.uexp" 141
"../../../Engine/Plugins/FX/Niagara/Content/Modules/Emitter/SpawnRate.uasset" 142
"../../../Engine/Plugins/FX/Niagara/Content/Modules/Emitter/SpawnRate.uexp" 143
"../../../Engine/Plugins/FX/Niagara/Content/DynamicInputs/UniformRange/V3/RandomRangeLinearColor.uasset" 144
"../../../Engine/Plugins/FX/Niagara/Content/DynamicInputs/UniformRange/V3/RandomRangeLinearColor.uexp" 145
"../../../Engine/Plugins/FX/Niagara/Content/DefaultAssets/DefaultSpriteMaterial.uasset" 146
"../../../Engine/Plugins/FX/Niagara/Content/DefaultAssets/DefaultSpriteMaterial.uexp" 147
"C:/Users/tmota/Documents/Unreal Projects/SpaceWar/Content/Spaceship/VFX/FX_Burst_System.uasset" 148
"C:/Users/tmota/Documents/Unreal Projects/SpaceWar/Content/Spaceship/VFX/FX_Burst_System.uexp" 149
"../../../Engine/Content/EditorBlueprintResources/StandardMacros.uasset" 150
"../../../Engine/Content/EditorBlueprintResources/StandardMacros.uexp" 151
"../../../Engine/Content/EditorBlueprintResources/ActorMacros.uasset" 152
"../../../Engine/Content/EditorBlueprintResources/ActorMacros.uexp" 153
"../../../Engine/Content/EngineFonts/Faces/RobotoRegular.uasset" 154
"../../../Engine/Content/EngineFonts/Faces/RobotoRegular.uexp" 155
"../../../Engine/Content/EngineFonts/Faces/RobotoRegular.ufont" 156
"../../../Engine/Content/EngineFonts/Faces/RobotoLight.uasset" 157
"../../../Engine/Content/EngineFonts/Faces/RobotoLight.uexp" 158
"../../../Engine/Content/EngineFonts/Faces/RobotoLight.ufont" 159
"../../../Engine/Content/EngineFonts/Faces/RobotoItalic.uasset" 160
"../../../Engine/Content/EngineFonts/Faces/RobotoItalic.uexp" 161
"../../../Engine/Content/EngineFonts/Faces/RobotoItalic.ufont" 162
"../../../Engine/Content/EngineFonts/Faces/RobotoBoldItalic.uasset" 163
"../../../Engine/Content/EngineFonts/Faces/RobotoBoldItalic.uexp" 164
"../../../Engine/Content/EngineFonts/Faces/RobotoBoldItalic.ufont" 165
"../../../Engine/Content/EngineFonts/Faces/RobotoBold.uasset" 166
"../../../Engine/Content/EngineFonts/Faces/RobotoBold.uexp" 167
"../../../Engine/Content/EngineFonts/Faces/RobotoBold.ufont" 168
"../../../Engine/Content/EngineFonts/Faces/DroidSansFallback.uasset" 169
"../../../Engine/Content/EngineFonts/Faces/DroidSansFallback.uexp" 170
"../../../Engine/Content/EngineFonts/Faces/DroidSansFallback.ufont" 171
"../../../Engine/Content/EngineFonts/Roboto.uasset" 172
"../../../Engine/Content/EngineFonts/Roboto.uexp" 173
"C:/Users/tmota/Documents/Unreal Projects/SpaceWar/Content/UI/DT_UIText.uasset" 174
"C:/Users/tmota/Documents/Unreal Projects/SpaceWar/Content/UI/DT_UIText.uexp" 175
"C:/Users/tmota/Documents/Unreal Projects/SpaceWar/Content/UI/HUD/WBP_HUD.uasset" 176
"C:/Users/tmota/Documents/Unreal Projects/SpaceWar/Content/UI/HUD/WBP_HUD.uexp" 177
"C:/Users/tmota/Documents/Unreal Projects/SpaceWar/Content/GameModes/BP_SpaceShooter_GameState.uasset" 178
"C:/Users/tmota/Documents/Unreal Projects/SpaceWar/Content/GameModes/BP_SpaceShooter_GameState.uexp" 179
"C:/Users/tmota/Documents/Unreal Projects/SpaceWar/Content/Spaceship/BP_Projectile.uasset" 180
"C:/Users/tmota/Documents/Unreal Projects/SpaceWar/Content/Spaceship/BP_Projectile.uexp" 181
"C:/Users/tmota/Documents/Unreal Projects/SpaceWar/Content/Materials/MI_OrangeMaterial.uasset" 182
"C:/Users/tmota/Documents/Unreal Projects/SpaceWar/Content/Materials/MI_OrangeMaterial.uexp" 183
"C:/Users/tmota/Documents/Unreal Projects/SpaceWar/Content/Input/IA_TurnRight.uasset" 184
"C:/Users/tmota/Documents/Unreal Projects/SpaceWar/Content/Input/IA_TurnRight.uexp" 185
"C:/Users/tmota/Documents/Unreal Projects/SpaceWar/Content/Input/IA_TurnLeft.uasset" 186
"C:/Users/tmota/Documents/Unreal Projects/SpaceWar/Content/Input/IA_TurnLeft.uexp" 187
"C:/Users/tmota/Documents/Unreal Projects/SpaceWar/Content/Input/IA_Shooting.uasset" 188
"C:/Users/tmota/Documents/Unreal Projects/SpaceWar/Content/Input/IA_Shooting.uexp" 189
"C:/Users/tmota/Documents/Unreal Projects/SpaceWar/Content/Input/IA_Panic.uasset" 190
"C:/Users/tmota/Documents/Unreal Projects/SpaceWar/Content/Input/IA_Panic.uexp" 191
"C:/Users/tmota/Documents/Unreal Projects/SpaceWar/Content/Input/IA_Forward.uasset" 192
"C:/Users/tmota/Documents/Unreal Projects/SpaceWar/Content/Input/IA_Forward.uexp" 193
"C:/Users/tmota/Documents/Unreal Projects/SpaceWar/Content/Input/IM_SpaceshipInput.uasset" 194
"C:/Users/tmota/Documents/Unreal Projects/SpaceWar/Content/Input/IM_SpaceshipInput.uexp" 195
"C:/Users/tmota/Documents/Unreal Projects/SpaceWar/Content/Spaceship/BP_GameCamera.uasset" 196
"C:/Users/tmota/Documents/Unreal Projects/SpaceWar/Content/Spaceship/BP_GameCamera.uexp" 197
"C:/Users/tmota/Documents/Unreal Projects/SpaceWar/Content/BPF_GameFunctions.uasset" 198
"C:/Users/tmota/Documents/Unreal Projects/SpaceWar/Content/BPF_GameFunctions.uexp" 199
"C:/Users/tmota/Documents/Unreal Projects/SpaceWar/Content/Spaceship/BP_Spaceship_PlayerController.uasset" 200
"C:/Users/tmota/Documents/Unreal Projects/SpaceWar/Content/Spaceship/BP_Spaceship_PlayerController.uexp" 201
"C:/Users/tmota/Documents/Unreal Projects/SpaceWar/Content/Audio/A_Thrusters2.uasset" 202
"C:/Users/tmota/Documents/Unreal Projects/SpaceWar/Content/Audio/A_Thrusters2.uexp" 203
"C:/Users/tmota/Documents/Unreal Projects/SpaceWar/Content/Audio/A_Panic.uasset" 204
"C:/Users/tmota/Documents/Unreal Projects/SpaceWar/Content/Audio/A_Panic.uexp" 205
"C:/Users/tmota/Documents/Unreal Projects/SpaceWar/Content/Audio/A_Fire2.uasset" 206
"C:/Users/tmota/Documents/Unreal Projects/SpaceWar/Content/Audio/A_Fire2.uexp" 207
"C:/Users/tmota/Documents/Unreal Projects/SpaceWar/Content/Audio/A_Death.uasset" 208
"C:/Users/tmota/Documents/Unreal Projects/SpaceWar/Content/Audio/A_Death.uexp" 209
"C:/Users/tmota/Documents/Unreal Projects/SpaceWar/Content/Spaceship/BP_Spaceship_Pawn.uasset" 210
"C:/Users/tmota/Documents/Unreal Projects/SpaceWar/Content/Spaceship/BP_Spaceship_Pawn.uexp" 211
"C:/Users/tmota/Documents/Unreal Projects/SpaceWar/Content/BlackHole/BP_BlackHole.uasset" 212
"C:/Users/tmota/Documents/Unreal Projects/SpaceWar/Content/BlackHole/BP_BlackHole.uexp" 213
"C:/Users/tmota/Documents/Unreal Projects/SpaceWar/Content/Geometry/Meshes/1M_Cube_Chamfer.uasset" 214
"C:/Users/tmota/Documents/Unreal Projects/SpaceWar/Content/Geometry/Meshes/1M_Cube_Chamfer.uexp" 215
"C:/Users/tmota/Documents/Unreal Projects/SpaceWar/Content/Geometry/Meshes/TemplateFloor.uasset" 216
"C:/Users/tmota/Documents/Unreal Projects/SpaceWar/Content/Geometry/Meshes/TemplateFloor.uexp" 217
"C:/Users/tmota/Documents/Unreal Projects/SpaceWar/Content/Audio/A_Fire.uasset" 218
"C:/Users/tmota/Documents/Unreal Projects/SpaceWar/Content/Audio/A_Fire.uexp" 219
"C:/Users/tmota/Documents/Unreal Projects/SpaceWar/Content/TwinStick/Meshes/TwinStickProjectile.uasset" 220
"C:/Users/tmota/Documents/Unreal Projects/SpaceWar/Content/TwinStick/Meshes/TwinStickProjectile.uexp" 221
"C:/Users/tmota/Documents/Unreal Projects/SpaceWar/Content/TwinStick/Meshes/TwinStickUFO.uasset" 222
"C:/Users/tmota/Documents/Unreal Projects/SpaceWar/Content/TwinStick/Meshes/TwinStickUFO.uexp" 223
"../../../Engine/Content/ArtTools/RenderToTexture/Meshes/S_1_Unit_Plane.uasset" 224
"../../../Engine/Content/ArtTools/RenderToTexture/Meshes/S_1_Unit_Plane.uexp" 225
"../../../Engine/Content/BasicShapes/Cone.uasset" 226
"../../../Engine/Content/BasicShapes/Cone.uexp" 227
"../../../Engine/Content/BasicShapes/Cube.uasset" 228
"../../../Engine/Content/BasicShapes/Cube.uexp" 229
"../../../Engine/Content/BasicShapes/Plane.uasset" 230
"../../../Engine/Content/BasicShapes/Plane.uexp" 231
"../../../Engine/Content/EditorLandscapeResources/DataLayer.uasset" 232
"../../../Engine/Content/EditorLandscapeResources/DataLayer.uexp" 233
"../../../Engine/Content/EditorLandscapeResources/DefaultAlphaTexture.uasset" 234
"../../../Engine/Content/EditorLandscapeResources/DefaultAlphaTexture.uexp" 235
"../../../Engine/Content/EditorMaterials/MAT_Groups_Toggle.uasset" 236
"../../../Engine/Content/EditorMaterials/MAT_Groups_Toggle.uexp" 237
"../../../Engine/Content/EditorMaterials/MAT_Groups_Visibility.uasset" 238
"../../../Engine/Content/EditorMaterials/MAT_Groups_Visibility.uexp" 239
"../../../Engine/Content/EditorMaterials/PreviewShadowIndicator.uasset" 240
"../../../Engine/Content/EditorMaterials/PreviewShadowIndicator.uexp" 241
"../../../Engine/Content/EditorMaterials/PreviewShadowIndicator.ubulk" 242
"../../../Engine/Content/EditorMaterials/PreviewShadowIndicatorMaterial.uasset" 243
"../../../Engine/Content/EditorMaterials/PreviewShadowIndicatorMaterial.uexp" 244
"../../../Engine/Content/EditorMaterials/MatineeGroups/MAT_ColorTrack.uasset" 245
"../../../Engine/Content/EditorMaterials/MatineeGroups/MAT_ColorTrack.uexp" 246
"../../../Engine/Content/EditorMaterials/MatineeGroups/MAT_Groups_Anim.uasset" 247
"../../../Engine/Content/EditorMaterials/MatineeGroups/MAT_Groups_Anim.uexp" 248
"../../../Engine/Content/EditorMaterials/MatineeGroups/MAT_Groups_AudioMaster.uasset" 249
"../../../Engine/Content/EditorMaterials/MatineeGroups/MAT_Groups_AudioMaster.uexp" 250
"../../../Engine/Content/EditorMaterials/MatineeGroups/MAT_Groups_Director.uasset" 251
"../../../Engine/Content/EditorMaterials/MatineeGroups/MAT_Groups_Director.uexp" 252
"../../../Engine/Content/EditorMaterials/MatineeGroups/MAT_Groups_Event.uasset" 253
"../../../Engine/Content/EditorMaterials/MatineeGroups/MAT_Groups_Event.uexp" 254
"../../../Engine/Content/EditorMaterials/MatineeGroups/MAT_Groups_Fade.uasset" 255
"../../../Engine/Content/EditorMaterials/MatineeGroups/MAT_Groups_Fade.uexp" 256
"../../../Engine/Content/EditorMaterials/MatineeGroups/MAT_Groups_Float.uasset" 257
"../../../Engine/Content/EditorMaterials/MatineeGroups/MAT_Groups_Float.uexp" 258
"../../../Engine/Content/EditorMaterials/MatineeGroups/MAT_Groups_Move.uasset" 259
"../../../Engine/Content/EditorMaterials/MatineeGroups/MAT_Groups_Move.uexp" 260
"../../../Engine/Content/EditorMaterials/MatineeGroups/MAT_Groups_Slomo.uasset" 261
"../../../Engine/Content/EditorMaterials/MatineeGroups/MAT_Groups_Slomo.uexp" 262
"../../../Engine/Content/EditorMaterials/MatineeGroups/MAT_Groups_Sound.uasset" 263
"../../../Engine/Content/EditorMaterials/MatineeGroups/MAT_Groups_Sound.uexp" 264
"../../../Engine/Content/EditorMaterials/MatineeGroups/MAT_Groups_Vector.uasset" 265
"../../../Engine/Content/EditorMaterials/MatineeGroups/MAT_Groups_Vector.uexp" 266
"../../../Engine/Content/EditorMaterials/ParticleSystems/PSysThumbnail_NoImage.uasset" 267
"../../../Engine/Content/EditorMaterials/ParticleSystems/PSysThumbnail_NoImage.uexp" 268
"../../../Engine/Content/EditorMaterials/ParticleSystems/PSysThumbnail_NoImage.ubulk" 269
"../../../Engine/Content/EditorMaterials/ParticleSystems/PSysThumbnail_OOD.uasset" 270
"../../../Engine/Content/EditorMaterials/ParticleSystems/PSysThumbnail_OOD.uexp" 271
"../../../Engine/Content/EditorMaterials/ParticleSystems/PSysThumbnail_OOD.ubulk" 272
"../../../Engine/Content/EditorMaterials/Camera/CineMat.uasset" 273
"../../../Engine/Content/EditorMaterials/Camera/CineMat.uexp" 274
"../../../Engine/Content/EditorMaterials/Camera/MI_CineMat_Rig.uasset" 275
"../../../Engine/Content/EditorMaterials/Camera/MI_CineMat_Rig.uexp" 276
"../../../Engine/Content/EditorMeshes/Camera/SM_CraneRig_Arm.uasset" 277
"../../../Engine/Content/EditorMeshes/Camera/SM_CraneRig_Arm.uexp" 278
"../../../Engine/Content/EditorMeshes/Camera/SM_CraneRig_Base.uasset" 279
"../../../Engine/Content/EditorMeshes/Camera/SM_CraneRig_Base.uexp" 280
"../../../Engine/Content/EditorMeshes/Camera/SM_CraneRig_Body.uasset" 281
"../../../Engine/Content/EditorMeshes/Camera/SM_CraneRig_Body.uexp" 282
"../../../Engine/Content/EditorMeshes/Camera/SM_CraneRig_Mount.uasset" 283
"../../../Engine/Content/EditorMeshes/Camera/SM_CraneRig_Mount.uexp" 284
"../../../Engine/Content/EditorMeshes/Camera/SM_RailRig_Mount.uasset" 285
"../../../Engine/Content/EditorMeshes/Camera/SM_RailRig_Mount.uexp" 286
"../../../Engine/Content/EditorMeshes/Camera/SM_RailRig_Track.uasset" 287
"../../../Engine/Content/EditorMeshes/Camera/SM_RailRig_Track.uexp" 288
"../../../Engine/Content/EditorResources/BSPVertex.uasset" 289
"../../../Engine/Content/EditorResources/BSPVertex.uexp" 290
"../../../Engine/Content/EditorResources/EmptyActor.uasset" 291
"../../../Engine/Content/EditorResources/EmptyActor.uexp" 292
"../../../Engine/Content/EditorResources/S_Actor.uasset" 293
"../../../Engine/Content/EditorResources/S_Actor.uexp" 294
"../../../Engine/Content/EditorResources/S_Actor.ubulk" 295
"../../../Engine/Content/EditorResources/S_Note.uasset" 296
"../../../Engine/Content/EditorResources/S_Note.uexp" 297
"../../../Engine/Content/EditorResources/S_Note.ubulk" 298
"../../../Engine/Content/EditorResources/S_Solver.uasset" 299
"../../../Engine/Content/EditorResources/S_Solver.uexp" 300
"../../../Engine/Content/EditorResources/S_Solver.ubulk" 301
"../../../Engine/Content/EditorResources/S_Terrain.uasset" 302
"../../../Engine/Content/EditorResources/S_Terrain.uexp" 303
"../../../Engine/Content/EditorResources/S_Terrain.ubulk" 304
"../../../Engine/Content/EditorResources/S_Trigger.uasset" 305
"../../../Engine/Content/EditorResources/S_Trigger.uexp" 306
"../../../Engine/Content/EditorResources/S_Trigger.ubulk" 307
"../../../Engine/Content/EditorResources/LightIcons/S_LightError.uasset" 308
"../../../Engine/Content/EditorResources/LightIcons/S_LightError.uexp" 309
"../../../Engine/Content/EditorResources/SequenceRecorder/Countdown.uasset" 310
"../../../Engine/Content/EditorResources/SequenceRecorder/Countdown.uexp" 311
"../../../Engine/Content/EditorResources/SequenceRecorder/RecordingIndicator.uasset" 312
"../../../Engine/Content/EditorResources/SequenceRecorder/RecordingIndicator.uexp" 313
"../../../Engine/Content/EngineDamageTypes/DmgTypeBP_Environmental.uasset" 314
"../../../Engine/Content/EngineDamageTypes/DmgTypeBP_Environmental.uexp" 315
"../../../Engine/Content/EngineDebugMaterials/DebugEditorMaterial.uasset" 316
"../../../Engine/Content/EngineDebugMaterials/DebugEditorMaterial.uexp" 317
"../../../Engine/Content/EngineDebugMaterials/DebugMeshMaterial.uasset" 318
"../../../Engine/Content/EngineDebugMaterials/DebugMeshMaterial.uexp" 319
"../../../Engine/Content/EngineDebugMaterials/M_SimpleUnlitTranslucent.uasset" 320
"../../../Engine/Content/EngineDebugMaterials/M_SimpleUnlitTranslucent.uexp" 321
"../../../Engine/Content/EngineDebugMaterials/VolumeToRender.uasset" 322
"../../../Engine/Content/EngineDebugMaterials/VolumeToRender.uexp" 323
"../../../Engine/Content/Functions/Engine_MaterialFunctions02/Utility/CameraDirectionVector.uasset" 324
"../../../Engine/Content/Functions/Engine_MaterialFunctions02/Utility/CameraDirectionVector.uexp" 325
"../../../Engine/Content/EngineDebugMaterials/M_VolumeRenderSphereTracePP.uasset" 326
"../../../Engine/Content/EngineDebugMaterials/M_VolumeRenderSphereTracePP.uexp" 327
"../../../Engine/Content/Functions/Engine_MaterialFunctions01/Shading/ConvertFromDiffSpec.uasset" 328
"../../../Engine/Content/Functions/Engine_MaterialFunctions01/Shading/ConvertFromDiffSpec.uexp" 329
"../../../Engine/Content/EngineDebugMaterials/VertexColorMaterial.uasset" 330
"../../../Engine/Content/EngineDebugMaterials/VertexColorMaterial.uexp" 331
"../../../Engine/Content/EngineDebugMaterials/WireframeMaterial.uasset" 332
"../../../Engine/Content/EngineDebugMaterials/WireframeMaterial.uexp" 333
"../../../Engine/Content/EngineMaterials/BaseFlattenNormalMap.uasset" 334
"../../../Engine/Content/EngineMaterials/BaseFlattenNormalMap.uexp" 335
"../../../Engine/Content/EngineMaterials/BaseFlattenGrayscaleMap.uasset" 336
"../../../Engine/Content/EngineMaterials/BaseFlattenGrayscaleMap.uexp" 337
"../../../Engine/Content/EngineMaterials/BaseFlattenEmissiveMap.uasset" 338
"../../../Engine/Content/EngineMaterials/BaseFlattenEmissiveMap.uexp" 339
"../../../Engine/Content/EngineMaterials/BaseFlattenDiffuseMap.uasset" 340
"../../../Engine/Content/EngineMaterials/BaseFlattenDiffuseMap.uexp" 341
"../../../Engine/Content/EngineMaterials/BaseFlattenMaterial.uasset" 342
"../../../Engine/Content/EngineMaterials/BaseFlattenMaterial.uexp" 343
"../../../Engine/Content/EngineMaterials/BlueNoise.uasset" 344
"../../../Engine/Content/EngineMaterials/BlueNoise.uexp" 345
"../../../Engine/Content/EngineMaterials/DefaultBloomKernel.uasset" 346
"../../../Engine/Content/EngineMaterials/DefaultBloomKernel.uexp" 347
"../../../Engine/Content/EngineMaterials/DefaultBokeh.uasset" 348
"../../../Engine/Content/EngineMaterials/DefaultBokeh.uexp" 349
"../../../Engine/Content/EngineMaterials/DefaultDiffuse.uasset" 350
"../../../Engine/Content/EngineMaterials/DefaultDiffuse.uexp" 351
"../../../Engine/Content/EngineMaterials/DefaultDiffuse.ubulk" 352
"../../../Engine/Content/EngineMaterials/DefaultDeferredDecalMaterial.uasset" 353
"../../../Engine/Content/EngineMaterials/DefaultDeferredDecalMaterial.uexp" 354
"../../../Engine/Content/EngineMaterials/DefaultLightFunctionMaterial.uasset" 355
"../../../Engine/Content/EngineMaterials/DefaultLightFunctionMaterial.uexp" 356
"../../../Engine/Content/EngineMaterials/DefaultPhysicalMaterial.uasset" 357
"../../../Engine/Content/EngineMaterials/DefaultPhysicalMaterial.uexp" 358
"../../../Engine/Content/Functions/Engine_MaterialFunctions02/Utility/BreakOutFloat2Components.uasset" 359
"../../../Engine/Content/Functions/Engine_MaterialFunctions02/Utility/BreakOutFloat2Components.uexp" 360
"../../../Engine/Content/EngineMaterials/DefaultPostProcessMaterial.uasset" 361
"../../../Engine/Content/EngineMaterials/DefaultPostProcessMaterial.uexp" 362
"../../../Engine/Content/EngineFonts/RobotoDistanceField.uasset" 363
"../../../Engine/Content/EngineFonts/RobotoDistanceField.uexp" 364
"../../../Engine/Content/EngineMaterials/DefaultTextMaterialOpaque.uasset" 365
"../../../Engine/Content/EngineMaterials/DefaultTextMaterialOpaque.uexp" 366
"../../../Engine/Content/EngineMaterials/DefaultWhiteGrid.uasset" 367
"../../../Engine/Content/EngineMaterials/DefaultWhiteGrid.uexp" 368
"../../../Engine/Content/EngineMaterials/DefaultWhiteGrid.ubulk" 369
"../../../Engine/Content/EngineMaterials/DefaultWhiteGrid_Low.uasset" 370
"../../../Engine/Content/EngineMaterials/DefaultWhiteGrid_Low.uexp" 371
"../../../Engine/Content/EngineMaterials/EmissiveMeshMaterial.uasset" 372
"../../../Engine/Content/EngineMaterials/EmissiveMeshMaterial.uexp" 373
"../../../Engine/Content/EngineMaterials/GizmoMaterial.uasset" 374
"../../../Engine/Content/EngineMaterials/GizmoMaterial.uexp" 375
"../../../Engine/Content/EngineMaterials/Good64x64TilingNoiseHighFreq.uasset" 376
"../../../Engine/Content/EngineMaterials/Good64x64TilingNoiseHighFreq.uexp" 377
"../../../Engine/Content/EngineMaterials/MiniFont.uasset" 378
"../../../Engine/Content/EngineMaterials/MiniFont.uexp" 379
"../../../Engine/Content/EngineMaterials/InvalidLightmapSettings.uasset" 380
"../../../Engine/Content/EngineMaterials/InvalidLightmapSettings.uexp" 381
"../../../Engine/Content/EngineMaterials/InvalidLightmapSettings.ubulk" 382
"../../../Engine/Content/EngineMaterials/M_InvalidLightmapSettings.uasset" 383
"../../../Engine/Content/EngineMaterials/M_InvalidLightmapSettings.uexp" 384
"../../../Engine/Content/Functions/Engine_MaterialFunctions02/WorldPositionOffset/CameraOffset.uasset" 385
"../../../Engine/Content/Functions/Engine_MaterialFunctions02/WorldPositionOffset/CameraOffset.uexp" 386
"../../../Engine/Content/EngineMaterials/PhAT_JointLimitMaterial.uasset" 387
"../../../Engine/Content/EngineMaterials/PhAT_JointLimitMaterial.uexp" 388
"../../../Engine/Content/EngineMaterials/DefaultCalibrationColor.uasset" 389
"../../../Engine/Content/EngineMaterials/DefaultCalibrationColor.uexp" 390
"../../../Engine/Content/EngineMaterials/PPM_DefaultCalibrationColor.uasset" 391
"../../../Engine/Content/EngineMaterials/PPM_DefaultCalibrationColor.uexp" 392
"../../../Engine/Content/EngineMaterials/DefaultCalibrationGrayscale.uasset" 393
"../../../Engine/Content/EngineMaterials/DefaultCalibrationGrayscale.uexp" 394
"../../../Engine/Content/EngineMaterials/PPM_DefaultCalibrationGrayscale.uasset" 395
"../../../Engine/Content/EngineMaterials/PPM_DefaultCalibrationGrayscale.uexp" 396
"../../../Engine/Content/EngineMaterials/PreintegratedSkinBRDF.uasset" 397
"../../../Engine/Content/EngineMaterials/PreintegratedSkinBRDF.uexp" 398
"../../../Engine/Content/EngineMaterials/RemoveSurfaceMaterial.uasset" 399
"../../../Engine/Content/EngineMaterials/RemoveSurfaceMaterial.uexp" 400
"../../../Engine/Content/EngineMaterials/WeightMapPlaceholderTexture.uasset" 401
"../../../Engine/Content/EngineMaterials/WeightMapPlaceholderTexture.uexp" 402
"../../../Engine/Content/EngineResources/WhiteSquareTexture.uasset" 403
"../../../Engine/Content/EngineResources/WhiteSquareTexture.uexp" 404
"../../../Engine/Content/EngineMaterials/Widget3DPassThrough.uasset" 405
"../../../Engine/Content/EngineMaterials/Widget3DPassThrough.uexp" 406
"../../../Engine/Content/EngineMaterials/Widget3DPassThrough_Masked.uasset" 407
"../../../Engine/Content/EngineMaterials/Widget3DPassThrough_Masked.uexp" 408
"../../../Engine/Content/EngineMaterials/Widget3DPassThrough_Opaque.uasset" 409
"../../../Engine/Content/EngineMaterials/Widget3DPassThrough_Opaque.uexp" 410
"../../../Engine/Content/EngineMaterials/Widget3DPassThrough_Masked_OneSided.uasset" 411
"../../../Engine/Content/EngineMaterials/Widget3DPassThrough_Masked_OneSided.uexp" 412
"../../../Engine/Content/EngineMaterials/Widget3DPassThrough_Opaque_OneSided.uasset" 413
"../../../Engine/Content/EngineMaterials/Widget3DPassThrough_Opaque_OneSided.uexp" 414
"../../../Engine/Content/EngineMaterials/Widget3DPassThrough_Translucent.uasset" 415
"../../../Engine/Content/EngineMaterials/Widget3DPassThrough_Translucent.uexp" 416
"../../../Engine/Content/EngineMaterials/Widget3DPassThrough_Translucent_OneSided.uasset" 417
"../../../Engine/Content/EngineMaterials/Widget3DPassThrough_Translucent_OneSided.uexp" 418
"../../../Engine/Content/EngineMeshes/Cylinder.uasset" 419
"../../../Engine/Content/EngineMeshes/Cylinder.uexp" 420
"../../../Engine/Content/EngineMeshes/Sphere.uasset" 421
"../../../Engine/Content/EngineMeshes/Sphere.uexp" 422
"../../../Engine/Content/EngineResources/DefaultTexture.uasset" 423
"../../../Engine/Content/EngineResources/DefaultTexture.uexp" 424
"../../../Engine/Content/EngineResources/DefaultTexture.ubulk" 425
"../../../Engine/Content/EngineResources/DefaultTextureCube.uasset" 426
"../../../Engine/Content/EngineResources/DefaultTextureCube.uexp" 427
"../../../Engine/Content/EngineResources/DefaultVolumeTexture2D.uasset" 428
"../../../Engine/Content/EngineResources/DefaultVolumeTexture2D.uexp" 429
"../../../Engine/Content/EngineResources/DefaultVolumeTexture.uasset" 430
"../../../Engine/Content/EngineResources/DefaultVolumeTexture.uexp" 431
"../../../Engine/Content/EngineResources/GradientTexture0.uasset" 432
"../../../Engine/Content/EngineResources/GradientTexture0.uexp" 433
"../../../Engine/Content/EngineSky/VolumetricClouds/T_NoiseShape64.uasset" 434
"../../../Engine/Content/EngineSky/VolumetricClouds/T_NoiseShape64.uexp" 435
"../../../Engine/Content/EngineSky/VolumetricClouds/T_NoiseShape64.ubulk" 436
"../../../Engine/Content/EngineSky/VolumetricClouds/T_VolumeNoiseShape64.uasset" 437
"../../../Engine/Content/EngineSky/VolumetricClouds/T_VolumeNoiseShape64.uexp" 438
"../../../Engine/Content/EngineSky/VolumetricClouds/T_NoiseErosion.uasset" 439
"../../../Engine/Content/EngineSky/VolumetricClouds/T_NoiseErosion.uexp" 440
"../../../Engine/Content/EngineSky/VolumetricClouds/T_NoiseErosion.ubulk" 441
"../../../Engine/Content/EngineSky/VolumetricClouds/T_VolumeNoiseErosion32.uasset" 442
"../../../Engine/Content/EngineSky/VolumetricClouds/T_VolumeNoiseErosion32.uexp" 443
"../../../Engine/Content/EngineSky/VolumetricClouds/CloudWeatherTexture.uasset" 444
"../../../Engine/Content/EngineSky/VolumetricClouds/CloudWeatherTexture.uexp" 445
"../../../Engine/Content/EngineSky/VolumetricClouds/CloudGradientTexture.uasset" 446
"../../../Engine/Content/EngineSky/VolumetricClouds/CloudGradientTexture.uexp" 447
"../../../Engine/Content/Functions/Engine_MaterialFunctions02/Utility/MakeFloat2.uasset" 448
"../../../Engine/Content/Functions/Engine_MaterialFunctions02/Utility/MakeFloat2.uexp" 449
"../../../Engine/Content/EngineSky/VolumetricClouds/m_SimpleVolumetricCloud.uasset" 450
"../../../Engine/Content/EngineSky/VolumetricClouds/m_SimpleVolumetricCloud.uexp" 451
"../../../Engine/Content/EngineSky/VolumetricClouds/m_SimpleVolumetricCloud_Inst.uasset" 452
"../../../Engine/Content/EngineSky/VolumetricClouds/m_SimpleVolumetricCloud_Inst.uexp" 453
"../../../Engine/Content/EngineSounds/Master.uasset" 454
"../../../Engine/Content/EngineSounds/Master.uexp" 455
"../../../Engine/Content/Functions/Engine_MaterialFunctions01/Shading/PowerToRoughness.uasset" 456
"../../../Engine/Content/Functions/Engine_MaterialFunctions01/Shading/PowerToRoughness.uexp" 457
"../../../Engine/Content/Maps/Templates/Thumbnails/Default.uasset" 458
"../../../Engine/Content/Maps/Templates/Thumbnails/Default.uexp" 459
"../../../Engine/Content/Maps/Templates/Thumbnails/TimeOfDay.uasset" 460
"../../../Engine/Content/Maps/Templates/Thumbnails/TimeOfDay.uexp" 461
"../../../Engine/Content/Maps/Templates/Thumbnails/VR-Basic.uasset" 462
"../../../Engine/Content/Maps/Templates/Thumbnails/VR-Basic.uexp" 463
"../../../Engine/Content/MobileResources/T_MobileControls_texture.uasset" 464
"../../../Engine/Content/MobileResources/T_MobileControls_texture.uexp" 465
"../../../Engine/Content/MobileResources/T_MobileMenu2.uasset" 466
"../../../Engine/Content/MobileResources/T_MobileMenu2.uexp" 467
"../../../Engine/Content/MobileResources/HUD/AnalogHat.uasset" 468
"../../../Engine/Content/MobileResources/HUD/AnalogHat.uexp" 469
"../../../Engine/Content/MobileResources/HUD/VirtualJoystick_Thumb.uasset" 470
"../../../Engine/Content/MobileResources/HUD/VirtualJoystick_Thumb.uexp" 471
"../../../Engine/Content/MobileResources/HUD/VirtualJoystick_Background.uasset" 472
"../../../Engine/Content/MobileResources/HUD/VirtualJoystick_Background.uexp" 473
"../../../Engine/Content/MobileResources/HUD/DefaultVirtualJoysticks.uasset" 474
"../../../Engine/Content/MobileResources/HUD/DefaultVirtualJoysticks.uexp" 475
"../../../Engine/Content/MobileResources/HUD/LeftVirtualJoystickOnly.uasset" 476
"../../../Engine/Content/MobileResources/HUD/LeftVirtualJoystickOnly.uexp" 477
"../../../Engine/Content/MobileResources/HUD/MobileHUDButton1_off.uasset" 478
"../../../Engine/Content/MobileResources/HUD/MobileHUDButton1_off.uexp" 479
"../../../Engine/Content/MobileResources/HUD/MobileHUDButton1_on.uasset" 480
"../../../Engine/Content/MobileResources/HUD/MobileHUDButton1_on.uexp" 481
"../../../Engine/Content/MobileResources/HUD/MobileHUDButton2_off.uasset" 482
"../../../Engine/Content/MobileResources/HUD/MobileHUDButton2_off.uexp" 483
"../../../Engine/Content/MobileResources/HUD/MobileHUDButton2_on.uasset" 484
"../../../Engine/Content/MobileResources/HUD/MobileHUDButton2_on.uexp" 485
"../../../Engine/Content/MobileResources/HUD/MobileHUDButton3.uasset" 486
"../../../Engine/Content/MobileResources/HUD/MobileHUDButton3.uexp" 487
"../../../Engine/Content/MobileResources/HUD/MobileHUDButtonFire.uasset" 488
"../../../Engine/Content/MobileResources/HUD/MobileHUDButtonFire.uexp" 489
"../../../Engine/Content/MobileResources/HUD/MobileHUDDirectionPad.uasset" 490
"../../../Engine/Content/MobileResources/HUD/MobileHUDDirectionPad.uexp" 491
"../../../Engine/Content/MobileResources/HUD/MobileHUDDirectionPad2.uasset" 492
"../../../Engine/Content/MobileResources/HUD/MobileHUDDirectionPad2.uexp" 493
"../../../Engine/Content/MobileResources/HUD/MobileHUDDirectionPad3.uasset" 494
"../../../Engine/Content/MobileResources/HUD/MobileHUDDirectionPad3.uexp" 495
"../../../Engine/Content/MobileResources/HUD/MobileHUDDirectionStick.uasset" 496
"../../../Engine/Content/MobileResources/HUD/MobileHUDDirectionStick.uexp" 497
"../../../Engine/Content/MobileResources/HUD/T_Castle_ThumbstickInner.uasset" 498
"../../../Engine/Content/MobileResources/HUD/T_Castle_ThumbstickInner.uexp" 499
"../../../Engine/Content/MobileResources/HUD/T_Castle_ThumbstickOutter.uasset" 500
"../../../Engine/Content/MobileResources/HUD/T_Castle_ThumbstickOutter.uexp" 501
"../../../Engine/Content/Tutorial/ContentIntroCurve.uasset" 502
"../../../Engine/Content/Tutorial/ContentIntroCurve.uexp" 503
"../../../Engine/Content/Tutorial/Basics/TutorialAssets/icon_tab_Levels_40x.uasset" 504
"../../../Engine/Content/Tutorial/Basics/TutorialAssets/icon_tab_Levels_40x.uexp" 505
"../../../Engine/Content/Tutorial/BlueprintTutorials/TutorialAssets/Blueprint_64x.uasset" 506
"../../../Engine/Content/Tutorial/BlueprintTutorials/TutorialAssets/Blueprint_64x.uexp" 507
"../../../Engine/Content/VREditor/TransformGizmo/TranslucentTransformGizmoMaterial.uasset" 508
"../../../Engine/Content/VREditor/TransformGizmo/TranslucentTransformGizmoMaterial.uexp" 509
"../../../Engine/Content/VREditor/LaserPointer/VR_LaserPower_01.uasset" 510
"../../../Engine/Content/VREditor/LaserPointer/VR_LaserPower_01.uexp" 511
"../../../Engine/Content/VREditor/LaserPointer/VR_LaserPower_01.ubulk" 512
"../../../Engine/Content/VREditor/TransformGizmo/TransformGizmoMaterial.uasset" 513
"../../../Engine/Content/VREditor/TransformGizmo/TransformGizmoMaterial.uexp" 514
"../../../Engine/Content/VREditor/TransformGizmo/BoundingBoxCorner.uasset" 515
"../../../Engine/Content/VREditor/TransformGizmo/BoundingBoxCorner.uexp" 516
"../../../Engine/Content/VREditor/TransformGizmo/BoundingBoxEdge.uasset" 517
"../../../Engine/Content/VREditor/TransformGizmo/BoundingBoxEdge.uexp" 518
"../../../Engine/Content/VREditor/TransformGizmo/PlaneTranslationHandle.uasset" 519
"../../../Engine/Content/VREditor/TransformGizmo/PlaneTranslationHandle.uexp" 520
"../../../Engine/Content/VREditor/TransformGizmo/Xray.uasset" 521
"../../../Engine/Content/VREditor/TransformGizmo/Xray.uexp" 522
"../../../Engine/Content/VREditor/TransformGizmo/Main.uasset" 523
"../../../Engine/Content/VREditor/TransformGizmo/Main.uexp" 524
"../../../Engine/Content/VREditor/TransformGizmo/SM_Sequencer_Key.uasset" 525
"../../../Engine/Content/VREditor/TransformGizmo/SM_Sequencer_Key.uexp" 526
"../../../Engine/Content/VREditor/TransformGizmo/SM_Sequencer_Node.uasset" 527
"../../../Engine/Content/VREditor/TransformGizmo/SM_Sequencer_Node.uexp" 528
"../../../Engine/Plugins/2D/Paper2D/Content/PlaceholderTextures/DummySpriteTexture.uasset" 529
"../../../Engine/Plugins/2D/Paper2D/Content/PlaceholderTextures/DummySpriteTexture.uexp" 530
"../../../Engine/Plugins/2D/Paper2D/Content/PlaceholderTextures/DummySpriteTexture.ubulk" 531
"../../../Engine/Plugins/2D/Paper2D/Content/DummySprite.uasset" 532
"../../../Engine/Plugins/2D/Paper2D/Content/DummySprite.uexp" 533
"../../../Engine/Plugins/2D/Paper2D/Content/DefaultPaperTerrainMaterial.uasset" 534
"../../../Engine/Plugins/2D/Paper2D/Content/DefaultPaperTerrainMaterial.uexp" 535
"../../../Engine/Plugins/2D/Paper2D/Content/DefaultSpriteMaterial.uasset" 536
"../../../Engine/Plugins/2D/Paper2D/Content/DefaultSpriteMaterial.uexp" 537
"../../../Engine/Plugins/2D/Paper2D/Content/MaskedUnlitSpriteMaterial.uasset" 538
"../../../Engine/Plugins/2D/Paper2D/Content/MaskedUnlitSpriteMaterial.uexp" 539
"../../../Engine/Plugins/2D/Paper2D/Content/OpaqueUnlitSpriteMaterial.uasset" 540
"../../../Engine/Plugins/2D/Paper2D/Content/OpaqueUnlitSpriteMaterial.uexp" 541
"../../../Engine/Content/Functions/Engine_MaterialFunctions02/Utility/BreakOutFloat3Components.uasset" 542
"../../../Engine/Content/Functions/Engine_MaterialFunctions02/Utility/BreakOutFloat3Components.uexp" 543
"../../../Engine/Plugins/Editor/SpeedTreeImporter/Content/SpeedTree9/UnpackInteger3.uasset" 544
"../../../Engine/Plugins/Editor/SpeedTreeImporter/Content/SpeedTree9/UnpackInteger3.uexp" 545
"../../../Engine/Plugins/Editor/SpeedTreeImporter/Content/SpeedTree9/UnpackDirection.uasset" 546
"../../../Engine/Plugins/Editor/SpeedTreeImporter/Content/SpeedTree9/UnpackDirection.uexp" 547
"../../../Engine/Plugins/Editor/SpeedTreeImporter/Content/SpeedTree9/game_wind_noise.uasset" 548
"../../../Engine/Plugins/Editor/SpeedTreeImporter/Content/SpeedTree9/game_wind_noise.uexp" 549
"../../../Engine/Plugins/Editor/SpeedTreeImporter/Content/SpeedTree9/game_wind_noise.ubulk" 550
"../../../Engine/Content/Functions/Engine_MaterialFunctions02/SafeNormalize.uasset" 551
"../../../Engine/Content/Functions/Engine_MaterialFunctions02/SafeNormalize.uexp" 552
"../../../Engine/Plugins/Editor/SpeedTreeImporter/Content/SpeedTree9/SpeedTreeWindMotion.uasset" 553
"../../../Engine/Plugins/Editor/SpeedTreeImporter/Content/SpeedTree9/SpeedTreeWindMotion.uexp" 554
"../../../Engine/Plugins/Editor/SpeedTreeImporter/Content/SpeedTree9/SpeedTreeBranchMotion.uasset" 555
"../../../Engine/Plugins/Editor/SpeedTreeImporter/Content/SpeedTree9/SpeedTreeBranchMotion.uexp" 556
"../../../Engine/Content/Functions/Engine_MaterialFunctions02/ObjectLocalBounds.uasset" 557
"../../../Engine/Content/Functions/Engine_MaterialFunctions02/ObjectLocalBounds.uexp" 558
"../../../Engine/Content/Functions/Engine_MaterialFunctions02/UVs/BoundingBoxBased_0-1_UVW.uasset" 559
"../../../Engine/Content/Functions/Engine_MaterialFunctions02/UVs/BoundingBoxBased_0-1_UVW.uexp" 560
"../../../Engine/Content/Functions/Engine_MaterialFunctions02/Utility/VectorLength.uasset" 561
"../../../Engine/Content/Functions/Engine_MaterialFunctions02/Utility/VectorLength.uexp" 562
"../../../Engine/Content/Functions/Engine_MaterialFunctions02/WorldPositionOffset/ObjectScale.uasset" 563
"../../../Engine/Content/Functions/Engine_MaterialFunctions02/WorldPositionOffset/ObjectScale.uexp" 564
"../../../Engine/Plugins/Editor/SpeedTreeImporter/Content/SpeedTree9/SpeedTreeWind.uasset" 565
"../../../Engine/Plugins/Editor/SpeedTreeImporter/Content/SpeedTree9/SpeedTreeWind.uexp" 566
"../../../Engine/Plugins/Editor/SpeedTreeImporter/Content/SpeedTree9/SpeedTreeBillboard.uasset" 567
"../../../Engine/Plugins/Editor/SpeedTreeImporter/Content/SpeedTree9/SpeedTreeBillboard.uexp" 568
"../../../Engine/Plugins/Editor/SpeedTreeImporter/Content/SpeedTree9/EmptyNormal.uasset" 569
"../../../Engine/Plugins/Editor/SpeedTreeImporter/Content/SpeedTree9/EmptyNormal.uexp" 570
"../../../Engine/Plugins/Editor/SpeedTreeImporter/Content/SpeedTree9/Empty.uasset" 571
"../../../Engine/Plugins/Editor/SpeedTreeImporter/Content/SpeedTree9/Empty.uexp" 572
"../../../Engine/Plugins/Editor/SpeedTreeImporter/Content/SpeedTree9/SpeedTreeBillboardMaster.uasset" 573
"../../../Engine/Plugins/Editor/SpeedTreeImporter/Content/SpeedTree9/SpeedTreeBillboardMaster.uexp" 574
"../../../Engine/Plugins/Editor/SpeedTreeImporter/Content/SpeedTree9/SpeedTreeCameraFacing.uasset" 575
"../../../Engine/Plugins/Editor/SpeedTreeImporter/Content/SpeedTree9/SpeedTreeCameraFacing.uexp" 576
"../../../Engine/Plugins/Editor/SpeedTreeImporter/Content/SpeedTree9/SpeedTreeMaster.uasset" 577
"../../../Engine/Plugins/Editor/SpeedTreeImporter/Content/SpeedTree9/SpeedTreeMaster.uexp" 578
"../../../Engine/Content/BasicShapes/Cylinder.uasset" 579
"../../../Engine/Content/BasicShapes/Cylinder.uexp" 580
"../../../Engine/Content/ArtTools/RenderToTexture/Materials/Debug/M_Emissive_Color.uasset" 581
"../../../Engine/Content/ArtTools/RenderToTexture/Materials/Debug/M_Emissive_Color.uexp" 582
"../../../Engine/Plugins/Lumin/MagicLeapPassableWorld/Content/MagicLeapARPinInfoActor.uasset" 583
"../../../Engine/Plugins/Lumin/MagicLeapPassableWorld/Content/MagicLeapARPinInfoActor.uexp" 584
"../../../Engine/Plugins/Runtime/OpenXR/Content/Devices/GoogleDaydream/MRTexture.uasset" 585
"../../../Engine/Plugins/Runtime/OpenXR/Content/Devices/GoogleDaydream/MRTexture.uexp" 586
"../../../Engine/Plugins/Runtime/OpenXR/Content/Devices/GoogleDaydream/MRTexture.ubulk" 587
"../../../Engine/Plugins/Runtime/OpenXR/Content/Devices/GoogleDaydream/BaseTexture.uasset" 588
"../../../Engine/Plugins/Runtime/OpenXR/Content/Devices/GoogleDaydream/BaseTexture.uexp" 589
"../../../Engine/Plugins/Runtime/OpenXR/Content/Devices/GoogleDaydream/BaseTexture.ubulk" 590
"../../../Engine/Content/EngineResources/Black.uasset" 591
"../../../Engine/Content/EngineResources/Black.uexp" 592
"../../../Engine/Plugins/Runtime/OpenXR/Content/Devices/M_XRController.uasset" 593
"../../../Engine/Plugins/Runtime/OpenXR/Content/Devices/M_XRController.uexp" 594
"../../../Engine/Plugins/Runtime/OpenXR/Content/Devices/GoogleDaydream/MI_GoogleDaydream.uasset" 595
"../../../Engine/Plugins/Runtime/OpenXR/Content/Devices/GoogleDaydream/MI_GoogleDaydream.uexp" 596
"../../../Engine/Plugins/Runtime/OpenXR/Content/Devices/GoogleDaydream/GoogleDaydreamController.uasset" 597
"../../../Engine/Plugins/Runtime/OpenXR/Content/Devices/GoogleDaydream/GoogleDaydreamController.uexp" 598
"../../../Engine/Plugins/Runtime/OpenXR/Content/Devices/HTCVive/BaseTexture.uasset" 599
"../../../Engine/Plugins/Runtime/OpenXR/Content/Devices/HTCVive/BaseTexture.uexp" 600
"../../../Engine/Plugins/Runtime/OpenXR/Content/Devices/HTCVive/BaseTexture.ubulk" 601
"../../../Engine/Plugins/Runtime/OpenXR/Content/Devices/HTCVive/MI_HTCVive.uasset" 602
"../../../Engine/Plugins/Runtime/OpenXR/Content/Devices/HTCVive/MI_HTCVive.uexp" 603
"../../../Engine/Plugins/Runtime/OpenXR/Content/Devices/HTCVive/HTCViveController.uasset" 604
"../../../Engine/Plugins/Runtime/OpenXR/Content/Devices/HTCVive/HTCViveController.uexp" 605
"../../../Engine/Plugins/Runtime/OpenXR/Content/Devices/MicrosoftMixedReality/NormalTexture.uasset" 606
"../../../Engine/Plugins/Runtime/OpenXR/Content/Devices/MicrosoftMixedReality/NormalTexture.uexp" 607
"../../../Engine/Plugins/Runtime/OpenXR/Content/Devices/MicrosoftMixedReality/NormalTexture.ubulk" 608
"../../../Engine/Plugins/Runtime/OpenXR/Content/Devices/MicrosoftMixedReality/MRTexture.uasset" 609
"../../../Engine/Plugins/Runtime/OpenXR/Content/Devices/MicrosoftMixedReality/MRTexture.uexp" 610
"../../../Engine/Plugins/Runtime/OpenXR/Content/Devices/MicrosoftMixedReality/MRTexture.ubulk" 611
"../../../Engine/Plugins/Runtime/OpenXR/Content/Devices/MicrosoftMixedReality/EmissiveTexture.uasset" 612
"../../../Engine/Plugins/Runtime/OpenXR/Content/Devices/MicrosoftMixedReality/EmissiveTexture.uexp" 613
"../../../Engine/Plugins/Runtime/OpenXR/Content/Devices/MicrosoftMixedReality/EmissiveTexture.ubulk" 614
"../../../Engine/Plugins/Runtime/OpenXR/Content/Devices/MicrosoftMixedReality/BaseTexture.uasset" 615
"../../../Engine/Plugins/Runtime/OpenXR/Content/Devices/MicrosoftMixedReality/BaseTexture.uexp" 616
"../../../Engine/Plugins/Runtime/OpenXR/Content/Devices/MicrosoftMixedReality/BaseTexture.ubulk" 617
"../../../Engine/Plugins/Runtime/OpenXR/Content/Devices/MicrosoftMixedReality/MI_MicrosoftMixedReality.uasset" 618
"../../../Engine/Plugins/Runtime/OpenXR/Content/Devices/MicrosoftMixedReality/MI_MicrosoftMixedReality.uexp" 619
"../../../Engine/Plugins/Runtime/OpenXR/Content/Devices/MicrosoftMixedReality/Left/left_MicrosoftMixedRealityController.uasset" 620
"../../../Engine/Plugins/Runtime/OpenXR/Content/Devices/MicrosoftMixedReality/Left/left_MicrosoftMixedRealityController.uexp" 621
"../../../Engine/Plugins/Runtime/OpenXR/Content/Devices/MicrosoftMixedReality/Right/right_MicrosoftMixedRealityController.uasset" 622
"../../../Engine/Plugins/Runtime/OpenXR/Content/Devices/MicrosoftMixedReality/Right/right_MicrosoftMixedRealityController.uexp" 623
"../../../Engine/Plugins/Runtime/OpenXR/Content/Devices/OculusGo/BaseTexture.uasset" 624
"../../../Engine/Plugins/Runtime/OpenXR/Content/Devices/OculusGo/BaseTexture.uexp" 625
"../../../Engine/Plugins/Runtime/OpenXR/Content/Devices/OculusGo/BaseTexture.ubulk" 626
"../../../Engine/Plugins/Runtime/OpenXR/Content/Devices/OculusGo/MI_OculusGo.uasset" 627
"../../../Engine/Plugins/Runtime/OpenXR/Content/Devices/OculusGo/MI_OculusGo.uexp" 628
"../../../Engine/Plugins/Runtime/OpenXR/Content/Devices/OculusGo/OculusGoController.uasset" 629
"../../../Engine/Plugins/Runtime/OpenXR/Content/Devices/OculusGo/OculusGoController.uexp" 630
"../../../Engine/Plugins/Runtime/OpenXR/Content/Devices/OculusTouch/MRTexture.uasset" 631
"../../../Engine/Plugins/Runtime/OpenXR/Content/Devices/OculusTouch/MRTexture.uexp" 632
"../../../Engine/Plugins/Runtime/OpenXR/Content/Devices/OculusTouch/MRTexture.ubulk" 633
"../../../Engine/Plugins/Runtime/OpenXR/Content/Devices/OculusTouch/BaseTexture.uasset" 634
"../../../Engine/Plugins/Runtime/OpenXR/Content/Devices/OculusTouch/BaseTexture.uexp" 635
"../../../Engine/Plugins/Runtime/OpenXR/Content/Devices/OculusTouch/BaseTexture.ubulk" 636
"../../../Engine/Plugins/Runtime/OpenXR/Content/Devices/OculusTouch/MI_OculusTouch.uasset" 637
"../../../Engine/Plugins/Runtime/OpenXR/Content/Devices/OculusTouch/MI_OculusTouch.uexp" 638
"../../../Engine/Plugins/Runtime/OpenXR/Content/Devices/OculusTouch/Left/left_OculusTouchController.uasset" 639
"../../../Engine/Plugins/Runtime/OpenXR/Content/Devices/OculusTouch/Left/left_OculusTouchController.uexp" 640
"../../../Engine/Plugins/Runtime/OpenXR/Content/Devices/OculusTouch/Right/right_OculusTouchController.uasset" 641
"../../../Engine/Plugins/Runtime/OpenXR/Content/Devices/OculusTouch/Right/right_OculusTouchController.uexp" 642
"../../../Engine/Plugins/Runtime/OpenXR/Content/Devices/OculusTouch_v2/MRTexture.uasset" 643
"../../../Engine/Plugins/Runtime/OpenXR/Content/Devices/OculusTouch_v2/MRTexture.uexp" 644
"../../../Engine/Plugins/Runtime/OpenXR/Content/Devices/OculusTouch_v2/MRTexture.ubulk" 645
"../../../Engine/Plugins/Runtime/OpenXR/Content/Devices/OculusTouch_v2/BaseTexture.uasset" 646
"../../../Engine/Plugins/Runtime/OpenXR/Content/Devices/OculusTouch_v2/BaseTexture.uexp" 647
"../../../Engine/Plugins/Runtime/OpenXR/Content/Devices/OculusTouch_v2/BaseTexture.ubulk" 648
"../../../Engine/Plugins/Runtime/OpenXR/Content/Devices/OculusTouch_v2/MI_OculusTouch_v2.uasset" 649
"../../../Engine/Plugins/Runtime/OpenXR/Content/Devices/OculusTouch_v2/MI_OculusTouch_v2.uexp" 650
"../../../Engine/Plugins/Runtime/OpenXR/Content/Devices/OculusTouch_v2/Left/left_OculusTouch_v2Controller.uasset" 651
"../../../Engine/Plugins/Runtime/OpenXR/Content/Devices/OculusTouch_v2/Left/left_OculusTouch_v2Controller.uexp" 652
"../../../Engine/Plugins/Runtime/OpenXR/Content/Devices/OculusTouch_v2/Right/right_OculusTouch_v2Controller.uasset" 653
"../../../Engine/Plugins/Runtime/OpenXR/Content/Devices/OculusTouch_v2/Right/right_OculusTouch_v2Controller.uexp" 654
"../../../Engine/Plugins/Runtime/OpenXR/Content/Devices/OculusTouch_v3/MRTexture.uasset" 655
"../../../Engine/Plugins/Runtime/OpenXR/Content/Devices/OculusTouch_v3/MRTexture.uexp" 656
"../../../Engine/Plugins/Runtime/OpenXR/Content/Devices/OculusTouch_v3/MRTexture.ubulk" 657
"../../../Engine/Plugins/Runtime/OpenXR/Content/Devices/OculusTouch_v3/BaseTexture.uasset" 658
"../../../Engine/Plugins/Runtime/OpenXR/Content/Devices/OculusTouch_v3/BaseTexture.uexp" 659
"../../../Engine/Plugins/Runtime/OpenXR/Content/Devices/OculusTouch_v3/BaseTexture.ubulk" 660
"../../../Engine/Plugins/Runtime/OpenXR/Content/Devices/OculusTouch_v3/MI_OculusTouch_v3.uasset" 661
"../../../Engine/Plugins/Runtime/OpenXR/Content/Devices/OculusTouch_v3/MI_OculusTouch_v3.uexp" 662
"../../../Engine/Plugins/Runtime/OpenXR/Content/Devices/OculusTouch_v3/Left/left_OculusTouch_v3Controller.uasset" 663
"../../../Engine/Plugins/Runtime/OpenXR/Content/Devices/OculusTouch_v3/Left/left_OculusTouch_v3Controller.uexp" 664
"../../../Engine/Plugins/Runtime/OpenXR/Content/Devices/OculusTouch_v3/Right/right_OculusTouch_v3Controller.uasset" 665
"../../../Engine/Plugins/Runtime/OpenXR/Content/Devices/OculusTouch_v3/Right/right_OculusTouch_v3Controller.uexp" 666
"../../../Engine/Plugins/Runtime/OpenXR/Content/Devices/ValveIndex/MRTexture.uasset" 667
"../../../Engine/Plugins/Runtime/OpenXR/Content/Devices/ValveIndex/MRTexture.uexp" 668
"../../../Engine/Plugins/Runtime/OpenXR/Content/Devices/ValveIndex/MRTexture.ubulk" 669
"../../../Engine/Plugins/Runtime/OpenXR/Content/Devices/ValveIndex/BaseTexture.uasset" 670
"../../../Engine/Plugins/Runtime/OpenXR/Content/Devices/ValveIndex/BaseTexture.uexp" 671
"../../../Engine/Plugins/Runtime/OpenXR/Content/Devices/ValveIndex/BaseTexture.ubulk" 672
"../../../Engine/Plugins/Runtime/OpenXR/Content/Devices/ValveIndex/Left/MI_left_ValveIndex.uasset" 673
"../../../Engine/Plugins/Runtime/OpenXR/Content/Devices/ValveIndex/Left/MI_left_ValveIndex.uexp" 674
"../../../Engine/Plugins/Runtime/OpenXR/Content/Devices/ValveIndex/Left/left_ValveIndexController.uasset" 675
"../../../Engine/Plugins/Runtime/OpenXR/Content/Devices/ValveIndex/Left/left_ValveIndexController.uexp" 676
"../../../Engine/Plugins/Runtime/OpenXR/Content/Devices/ValveIndex/Right/MI_right_ValveIndex.uasset" 677
"../../../Engine/Plugins/Runtime/OpenXR/Content/Devices/ValveIndex/Right/MI_right_ValveIndex.uexp" 678
"../../../Engine/Plugins/Runtime/OpenXR/Content/Devices/ValveIndex/Right/right_ValveIndexController.uasset" 679
"../../../Engine/Plugins/Runtime/OpenXR/Content/Devices/ValveIndex/Right/right_ValveIndexController.uexp" 680
"../../../Engine/Content/Functions/Engine_MaterialFunctions02/Utility/BreakOutFloat4Components.uasset" 681
"../../../Engine/Content/Functions/Engine_MaterialFunctions02/Utility/BreakOutFloat4Components.uexp" 682
"../../../Engine/Content/Functions/Engine_MaterialFunctions02/Utility/MakeFloat3.uasset" 683
"../../../Engine/Content/Functions/Engine_MaterialFunctions02/Utility/MakeFloat3.uexp" 684
"../../../Engine/Plugins/Runtime/Oculus/OculusVR/Content/Materials/OculusMR_ChromaKey.uasset" 685
"../../../Engine/Plugins/Runtime/Oculus/OculusVR/Content/Materials/OculusMR_ChromaKey.uexp" 686
"../../../Engine/Plugins/Runtime/Oculus/OculusVR/Content/Materials/OculusMR_OpaqueColoredMaterial.uasset" 687
"../../../Engine/Plugins/Runtime/Oculus/OculusVR/Content/Materials/OculusMR_OpaqueColoredMaterial.uexp" 688
"../../../Engine/Plugins/Runtime/Oculus/OculusVR/Content/Materials/PokeAHoleMaterial.uasset" 689
"../../../Engine/Plugins/Runtime/Oculus/OculusVR/Content/Materials/PokeAHoleMaterial.uexp" 690
"../../../Engine/Plugins/Runtime/Oculus/OculusVR/Content/Textures/touchController_controlmap.uasset" 691
"../../../Engine/Plugins/Runtime/Oculus/OculusVR/Content/Textures/touchController_controlmap.uexp" 692
"../../../Engine/Plugins/Runtime/Oculus/OculusVR/Content/Textures/touchController_controlmap.ubulk" 693
"../../../Engine/Plugins/Runtime/Oculus/OculusVR/Content/Textures/touchController_albedo.uasset" 694
"../../../Engine/Plugins/Runtime/Oculus/OculusVR/Content/Textures/touchController_albedo.uexp" 695
"../../../Engine/Plugins/Runtime/Oculus/OculusVR/Content/Textures/touchController_albedo.ubulk" 696
"../../../Engine/Plugins/Runtime/Oculus/OculusVR/Content/Materials/touchController_mat.uasset" 697
"../../../Engine/Plugins/Runtime/Oculus/OculusVR/Content/Materials/touchController_mat.uexp" 698
"../../../Engine/Plugins/Runtime/Oculus/OculusVR/Content/Meshes/LeftTouchController.uasset" 699
"../../../Engine/Plugins/Runtime/Oculus/OculusVR/Content/Meshes/LeftTouchController.uexp" 700
"../../../Engine/Plugins/Runtime/Oculus/OculusVR/Content/Textures/TouchForQuestRiftSController_albedo.uasset" 701
"../../../Engine/Plugins/Runtime/Oculus/OculusVR/Content/Textures/TouchForQuestRiftSController_albedo.uexp" 702
"../../../Engine/Plugins/Runtime/Oculus/OculusVR/Content/Textures/TouchForQuestRiftSController_albedo.ubulk" 703
"../../../Engine/Plugins/Runtime/Oculus/OculusVR/Content/Materials/TouchForQuestRiftSControllerMaterial.uasset" 704
"../../../Engine/Plugins/Runtime/Oculus/OculusVR/Content/Materials/TouchForQuestRiftSControllerMaterial.uexp" 705
"../../../Engine/Plugins/Runtime/Oculus/OculusVR/Content/Meshes/LeftTouchForQuestRiftSController.uasset" 706
"../../../Engine/Plugins/Runtime/Oculus/OculusVR/Content/Meshes/LeftTouchForQuestRiftSController.uexp" 707
"../../../Engine/Plugins/Runtime/Oculus/OculusVR/Content/Meshes/RiftHMD.uasset" 708
"../../../Engine/Plugins/Runtime/Oculus/OculusVR/Content/Meshes/RiftHMD.uexp" 709
"../../../Engine/Plugins/Runtime/Oculus/OculusVR/Content/Meshes/RightTouchController.uasset" 710
"../../../Engine/Plugins/Runtime/Oculus/OculusVR/Content/Meshes/RightTouchController.uexp" 711
"../../../Engine/Plugins/Runtime/Oculus/OculusVR/Content/Meshes/RightTouchForQuestRiftSController.uasset" 712
"../../../Engine/Plugins/Runtime/Oculus/OculusVR/Content/Meshes/RightTouchForQuestRiftSController.uexp" 713
"C:/Users/tmota/Documents/Unreal Projects/SpaceWar/Content/UI/MainMenu/WBP_ServerEntrie.uasset" 714
"C:/Users/tmota/Documents/Unreal Projects/SpaceWar/Content/UI/MainMenu/WBP_ServerEntrie.uexp" 715
"C:/Users/tmota/Documents/Unreal Projects/SpaceWar/Content/UI/MainMenu/WBP_MainMenu.uasset" 716
"C:/Users/tmota/Documents/Unreal Projects/SpaceWar/Content/UI/MainMenu/WBP_MainMenu.uexp" 717
"C:/Users/tmota/Documents/Unreal Projects/SpaceWar/Content/GameModes/MainMenu/BP_MainMenu_PlayerController.uasset" 718
"C:/Users/tmota/Documents/Unreal Projects/SpaceWar/Content/GameModes/MainMenu/BP_MainMenu_PlayerController.uexp" 719
"C:/Users/tmota/Documents/Unreal Projects/SpaceWar/Content/GameModes/MainMenu/BP_MainMenu_GameMode.uasset" 720
"C:/Users/tmota/Documents/Unreal Projects/SpaceWar/Content/GameModes/MainMenu/BP_MainMenu_GameMode.uexp" 721
"C:/Users/tmota/Documents/Unreal Projects/SpaceWar/Content/Levels/MainMenu.uexp" 722
"C:/Users/tmota/Documents/Unreal Projects/SpaceWar/Content/Levels/MainMenu.umap" 723
"../../../Engine/Content/EngineSky/T_Sky_Stars.uasset" 724
"../../../Engine/Content/EngineSky/T_Sky_Stars.uexp" 725
"../../../Engine/Content/EngineSky/T_Sky_Stars.ubulk" 726
"../../../Engine/Content/EngineSky/T_Sky_Clouds_M.uasset" 727
"../../../Engine/Content/EngineSky/T_Sky_Clouds_M.uexp" 728
"../../../Engine/Content/EngineSky/T_Sky_Clouds_M.ubulk" 729
"../../../Engine/Content/EngineSky/T_Sky_Blue.uasset" 730
"../../../Engine/Content/EngineSky/T_Sky_Blue.uexp" 731
"../../../Engine/Content/EngineSky/T_Sky_Blue.ubulk" 732
"C:/Users/tmota/Documents/Unreal Projects/SpaceWar/Content/Materials/MI_BlackMaterial.uasset" 733
"C:/Users/tmota/Documents/Unreal Projects/SpaceWar/Content/Materials/MI_BlackMaterial.uexp" 734
"C:/Users/tmota/Documents/Unreal Projects/SpaceWar/Content/Materials/M_GamePostProcess.uasset" 735
"C:/Users/tmota/Documents/Unreal Projects/SpaceWar/Content/Materials/M_GamePostProcess.uexp" 736
"../../../Engine/Content/EngineSky/M_Sky_Panning_Clouds2.uasset" 737
"../../../Engine/Content/EngineSky/M_Sky_Panning_Clouds2.uexp" 738
"C:/Users/tmota/Documents/Unreal Projects/SpaceWar/Content/Levels/SpaceShooterMap1_BuiltData.uasset" 739
"C:/Users/tmota/Documents/Unreal Projects/SpaceWar/Content/Levels/SpaceShooterMap1_BuiltData.uexp" 740
"C:/Users/tmota/Documents/Unreal Projects/SpaceWar/Content/Levels/SpaceShooterMap1_BuiltData.ubulk" 741
"../../../Engine/Content/EngineSky/SM_SkySphere.uasset" 742
"../../../Engine/Content/EngineSky/SM_SkySphere.uexp" 743
"../../../Engine/Content/EngineSky/C_Sky_Zenith_Color.uasset" 744
"../../../Engine/Content/EngineSky/C_Sky_Zenith_Color.uexp" 745
"../../../Engine/Content/EngineSky/C_Sky_Horizon_Color.uasset" 746
"../../../Engine/Content/EngineSky/C_Sky_Horizon_Color.uexp" 747
"../../../Engine/Content/EngineSky/C_Sky_Cloud_Color.uasset" 748
"../../../Engine/Content/EngineSky/C_Sky_Cloud_Color.uexp" 749
"../../../Engine/Content/EngineSky/BP_Sky_Sphere.uasset" 750
"../../../Engine/Content/EngineSky/BP_Sky_Sphere.uexp" 751
"C:/Users/tmota/Documents/Unreal Projects/SpaceWar/Content/UI/HUD/BP_GameHUD.uasset" 752
"C:/Users/tmota/Documents/Unreal Projects/SpaceWar/Content/UI/HUD/BP_GameHUD.uexp" 753
"C:/Users/tmota/Documents/Unreal Projects/SpaceWar/Content/GameModes/BP_SpaceShooter_GameMode.uasset" 754
"C:/Users/tmota/Documents/Unreal Projects/SpaceWar/Content/GameModes/BP_SpaceShooter_GameMode.uexp" 755
"C:/Users/tmota/Documents/Unreal Projects/SpaceWar/Content/Levels/SpaceShooterMap1.uexp" 756
"C:/Users/tmota/Documents/Unreal Projects/SpaceWar/Content/Levels/SpaceShooterMap1.umap" 757
"../../../Engine/Content/Maps/Entry_BuiltData.uasset" 758
"../../../Engine/Content/Maps/Entry_BuiltData.uexp" 759
"../../../Engine/Content/Maps/Entry.uexp" 760
"../../../Engine/Content/Maps/Entry.umap" 761
